# Logfile created on 2014-01-22 11:23:58 +0000 by logger.rb/41902
I, [2014-01-22T11:23:58.450847 #6621]  INFO -- : 0:  sass (3.2.13) from /home/timmillwood/.rvm/gems/ruby-2.1.0-preview1/specifications/sass-3.2.13.gemspec
I, [2014-01-22T11:23:59.958160 #6621]  INFO -- : 0:  bootstrap-sass (3.0.3.0) from /home/timmillwood/.rvm/gems/ruby-2.1.0-preview1/specifications/bootstrap-sass-3.0.3.0.gemspec
I, [2014-01-22T11:24:00.971387 #6621]  INFO -- : 0:  jsmin (1.0.1) from /home/timmillwood/.rvm/gems/ruby-2.1.0-preview1/specifications/jsmin-1.0.1.gemspec
I, [2014-01-22T11:24:04.893401 #6621]  INFO -- : 0:  kgio (2.8.1) from /home/timmillwood/.rvm/gems/ruby-2.1.0-preview1/specifications/kgio-2.8.1.gemspec
I, [2014-01-22T11:24:04.893940 #6621]  INFO -- : 0:  rack (1.5.2) from /home/timmillwood/.rvm/gems/ruby-2.1.0-preview1/specifications/rack-1.5.2.gemspec
I, [2014-01-22T11:24:07.174052 #6621]  INFO -- : 0:  rack-protection (1.5.2) from /home/timmillwood/.rvm/gems/ruby-2.1.0-preview1/specifications/rack-protection-1.5.2.gemspec
I, [2014-01-22T11:24:07.174373 #6621]  INFO -- : 0:  rack-test (0.6.2) from /home/timmillwood/.rvm/gems/ruby-2.1.0-preview1/specifications/rack-test-0.6.2.gemspec
I, [2014-01-22T11:24:09.290975 #6621]  INFO -- : 0:  raindrops (0.12.0) from /home/timmillwood/.rvm/gems/ruby-2.1.0-preview1/specifications/raindrops-0.12.0.gemspec
I, [2014-01-22T11:24:09.291384 #6621]  INFO -- : 0:  tilt (1.4.1) from /home/timmillwood/.rvm/gems/ruby-2.1.0-preview1/specifications/tilt-1.4.1.gemspec
I, [2014-01-22T11:24:10.635934 #6621]  INFO -- : 0:  sinatra (1.4.4) from /home/timmillwood/.rvm/gems/ruby-2.1.0-preview1/specifications/sinatra-1.4.4.gemspec
I, [2014-01-22T11:24:11.773157 #6621]  INFO -- : 0:  sinatra-assetpack (0.3.2) from /home/timmillwood/.rvm/gems/ruby-2.1.0-preview1/specifications/sinatra-assetpack-0.3.2.gemspec
I, [2014-01-22T11:24:14.297662 #6621]  INFO -- : 0:  unicorn (4.8.0) from /home/timmillwood/.rvm/gems/ruby-2.1.0-preview1/specifications/unicorn-4.8.0.gemspec
I, [2014-01-22T11:24:14.298072 #6621]  INFO -- : 0:  bundler (1.5.1) from /home/timmillwood/.rvm/gems/ruby-2.1.0-preview1@global/specifications/bundler-1.5.1.gemspec
I, [2014-01-22T11:24:43.029122 #9260]  INFO -- : 0:  sass (3.2.13) from /home/timmillwood/.rvm/gems/ruby-2.1.0-preview1/specifications/sass-3.2.13.gemspec
I, [2014-01-22T11:24:43.029417 #9260]  INFO -- : 0:  bootstrap-sass (3.0.3.0) from /home/timmillwood/.rvm/gems/ruby-2.1.0-preview1/specifications/bootstrap-sass-3.0.3.0.gemspec
I, [2014-01-22T11:24:43.029581 #9260]  INFO -- : 0:  jsmin (1.0.1) from /home/timmillwood/.rvm/gems/ruby-2.1.0-preview1/specifications/jsmin-1.0.1.gemspec
I, [2014-01-22T11:24:43.029761 #9260]  INFO -- : 0:  kgio (2.8.1) from /home/timmillwood/.rvm/gems/ruby-2.1.0-preview1/specifications/kgio-2.8.1.gemspec
I, [2014-01-22T11:24:43.029917 #9260]  INFO -- : 0:  rack (1.5.2) from /home/timmillwood/.rvm/gems/ruby-2.1.0-preview1/specifications/rack-1.5.2.gemspec
I, [2014-01-22T11:24:43.030081 #9260]  INFO -- : 0:  rack-protection (1.5.2) from /home/timmillwood/.rvm/gems/ruby-2.1.0-preview1/specifications/rack-protection-1.5.2.gemspec
I, [2014-01-22T11:24:43.030249 #9260]  INFO -- : 0:  rack-test (0.6.2) from /home/timmillwood/.rvm/gems/ruby-2.1.0-preview1/specifications/rack-test-0.6.2.gemspec
I, [2014-01-22T11:24:43.030427 #9260]  INFO -- : 0:  raindrops (0.12.0) from /home/timmillwood/.rvm/gems/ruby-2.1.0-preview1/specifications/raindrops-0.12.0.gemspec
I, [2014-01-22T11:24:43.030590 #9260]  INFO -- : 0:  tilt (1.4.1) from /home/timmillwood/.rvm/gems/ruby-2.1.0-preview1/specifications/tilt-1.4.1.gemspec
I, [2014-01-22T11:24:43.030751 #9260]  INFO -- : 0:  sinatra (1.4.4) from /home/timmillwood/.rvm/gems/ruby-2.1.0-preview1/specifications/sinatra-1.4.4.gemspec
I, [2014-01-22T11:24:43.030913 #9260]  INFO -- : 0:  sinatra-assetpack (0.3.2) from /home/timmillwood/.rvm/gems/ruby-2.1.0-preview1/specifications/sinatra-assetpack-0.3.2.gemspec
I, [2014-01-22T11:24:43.031080 #9260]  INFO -- : 0:  unicorn (4.8.0) from /home/timmillwood/.rvm/gems/ruby-2.1.0-preview1/specifications/unicorn-4.8.0.gemspec
I, [2014-01-22T11:24:43.031255 #9260]  INFO -- : 0:  bundler (1.5.1) from /home/timmillwood/.rvm/gems/ruby-2.1.0-preview1@global/specifications/bundler-1.5.1.gemspec
